Using pre-set license
Built from '2021.3/staging' branch; Version is '2021.3.8f1 (b30333d56e81) revision 11731763'; Using compiler version '192829333'; Build Type 'Release'
OS: 'Windows 11  (10.0.22621) 64bit Professional' Language: 'nl' Physical Memory: 16258 MB
BatchMode: 1, IsHumanControllingUs: 0, StartBugReporterOnCrash: 0, Is64bit: 1, IsPro: 1

COMMAND LINE ARGUMENTS:
C:\Users\Tilo\OneDrive\Unity\Projecten\2021.3.8f1\Editor\Unity.exe
-adb2
-batchMode
-noUpm
-name
AssetImportWorker4
-projectPath
C:/Users/Tilo/Desktop/unity_samenwerking/Techno
-logFile
Logs/AssetImportWorker4.log
-srvPort
49947
Successfully changed project path to: C:/Users/Tilo/Desktop/unity_samenwerking/Techno
C:/Users/Tilo/Desktop/unity_samenwerking/Techno
[UnityMemory] Configuration Parameters - Can be set up in boot.config
    "memorysetup-bucket-allocator-granularity=16"
    "memorysetup-bucket-allocator-bucket-count=8"
    "memorysetup-bucket-allocator-block-size=33554432"
    "memorysetup-bucket-allocator-block-count=8"
    "memorysetup-main-allocator-block-size=16777216"
    "memorysetup-thread-allocator-block-size=16777216"
    "memorysetup-gfx-main-allocator-block-size=16777216"
    "memorysetup-gfx-thread-allocator-block-size=16777216"
    "memorysetup-cache-allocator-block-size=4194304"
    "memorysetup-typetree-allocator-block-size=2097152"
    "memorysetup-profiler-bucket-allocator-granularity=16"
    "memorysetup-profiler-bucket-allocator-bucket-count=8"
    "memorysetup-profiler-bucket-allocator-block-size=33554432"
    "memorysetup-profiler-bucket-allocator-block-count=8"
    "memorysetup-profiler-allocator-block-size=16777216"
    "memorysetup-profiler-editor-allocator-block-size=1048576"
    "memorysetup-temp-allocator-size-main=16777216"
    "memorysetup-job-temp-allocator-block-size=2097152"
    "memorysetup-job-temp-allocator-block-size-background=1048576"
    "memorysetup-job-temp-allocator-reduction-small-platforms=262144"
    "memorysetup-temp-allocator-size-background-worker=32768"
    "memorysetup-temp-allocator-size-job-worker=262144"
    "memorysetup-temp-allocator-size-preload-manager=33554432"
    "memorysetup-temp-allocator-size-nav-mesh-worker=65536"
    "memorysetup-temp-allocator-size-audio-worker=65536"
    "memorysetup-temp-allocator-size-cloud-worker=32768"
    "memorysetup-temp-allocator-size-gi-baking-worker=262144"
    "memorysetup-temp-allocator-size-gfx=262144"
Refreshing native plugins compatible for Editor in 109.01 ms, found 4 plugins.
Preloading 0 native plugins for Editor in 0.00 ms.
Initialize engine version: 2021.3.8f1 (b30333d56e81)
[Subsystems] Discovering subsystems at path C:/Users/Tilo/OneDrive/Unity/Projecten/2021.3.8f1/Editor/Data/Resources/UnitySubsystems
[Subsystems] Discovering subsystems at path C:/Users/Tilo/Desktop/unity_samenwerking/Techno/Assets
GfxDevice: creating device client; threaded=0; jobified=0
Direct3D:
    Version:  Direct3D 11.0 [level 11.1]
    Renderer: NVIDIA GeForce GTX 1660 SUPER (ID=0x21c4)
    Vendor:   NVIDIA
    VRAM:     5992 MB
    Driver:   31.0.15.1640
Initialize mono
Mono path[0] = 'C:/Users/Tilo/OneDrive/Unity/Projecten/2021.3.8f1/Editor/Data/Managed'
Mono path[1] = 'C:/Users/Tilo/OneDrive/Unity/Projecten/2021.3.8f1/Editor/Data/MonoBleedingEdge/lib/mono/unityjit-win32'
Mono config path = 'C:/Users/Tilo/OneDrive/Unity/Projecten/2021.3.8f1/Editor/Data/MonoBleedingEdge/etc'
Using monoOptions --debugger-agent=transport=dt_socket,embedding=1,server=y,suspend=n,address=127.0.0.1:56300
Begin MonoManager ReloadAssembly
Registering precompiled unity dll's ...
Register platform support module: C:/Users/Tilo/OneDrive/Unity/Projecten/2021.3.8f1/Editor/Data/PlaybackEngines/WindowsStandaloneSupport/UnityEditor.WindowsStandalone.Extensions.dll
Registered in 0.004572 seconds.
Native extension for WindowsStandalone target not found
Refreshing native plugins compatible for Editor in 90.49 ms, found 4 plugins.
Preloading 0 native plugins for Editor in 0.00 ms.
Mono: successfully reloaded assembly
- Completed reload, in  0.667 seconds
Domain Reload Profiling:
	ReloadAssembly (668ms)
		BeginReloadAssembly (77ms)
			ExecutionOrderSort (0ms)
			DisableScriptedObjects (0ms)
			BackupInstance (0ms)
			ReleaseScriptingObjects (0ms)
			CreateAndSetChildDomain (1ms)
		EndReloadAssembly (479ms)
			LoadAssemblies (75ms)
			RebuildTransferFunctionScriptingTraits (0ms)
			SetupTypeCache (107ms)
			ReleaseScriptCaches (0ms)
			RebuildScriptCaches (29ms)
			SetupLoadedEditorAssemblies (291ms)
				LogAssemblyErrors (0ms)
				InitializePlatformSupportModulesInManaged (9ms)
				SetLoadedEditorAssemblies (0ms)
				RefreshPlugins (91ms)
				BeforeProcessingInitializeOnLoad (1ms)
				ProcessInitializeOnLoadAttributes (136ms)
				ProcessInitializeOnLoadMethodAttributes (54ms)
				AfterProcessingInitializeOnLoad (0ms)
				EditorAssembliesLoaded (0ms)
			ExecutionOrderSort2 (0ms)
			AwakeInstancesAfterBackupRestoration (0ms)
Platform modules already initialized, skipping
Registering precompiled user dll's ...
Registered in 0.005495 seconds.
Begin MonoManager ReloadAssembly
Symbol file LoadedFromMemory doesn't match image C:\Users\Tilo\Desktop\unity_samenwerking\Techno\Library\PackageCache\com.unity.visualscripting@1.7.8\Editor\VisualScripting.Core\Dependencies\YamlDotNet\Unity.VisualScripting.YamlDotNet.dll
Symbol file LoadedFromMemory doesn't match image C:\Users\Tilo\Desktop\unity_samenwerking\Techno\Library\PackageCache\com.unity.visualscripting@1.7.8\Editor\VisualScripting.Core\Dependencies\DotNetZip\Unity.VisualScripting.IonicZip.dll
Native extension for WindowsStandalone target not found
Refreshing native plugins compatible for Editor in 83.68 ms, found 4 plugins.
Preloading 0 native plugins for Editor in 0.00 ms.
Mono: successfully reloaded assembly
- Completed reload, in  1.050 seconds
Domain Reload Profiling:
	ReloadAssembly (1050ms)
		BeginReloadAssembly (98ms)
			ExecutionOrderSort (0ms)
			DisableScriptedObjects (5ms)
			BackupInstance (0ms)
			ReleaseScriptingObjects (0ms)
			CreateAndSetChildDomain (17ms)
		EndReloadAssembly (856ms)
			LoadAssemblies (74ms)
			RebuildTransferFunctionScriptingTraits (0ms)
			SetupTypeCache (244ms)
			ReleaseScriptCaches (1ms)
			RebuildScriptCaches (50ms)
			SetupLoadedEditorAssemblies (456ms)
				LogAssemblyErrors (0ms)
				InitializePlatformSupportModulesInManaged (3ms)
				SetLoadedEditorAssemblies (0ms)
				RefreshPlugins (84ms)
				BeforeProcessingInitializeOnLoad (83ms)
				ProcessInitializeOnLoadAttributes (258ms)
				ProcessInitializeOnLoadMethodAttributes (22ms)
				AfterProcessingInitializeOnLoad (6ms)
				EditorAssembliesLoaded (0ms)
			ExecutionOrderSort2 (0ms)
			AwakeInstancesAfterBackupRestoration (5ms)
Platform modules already initialized, skipping
========================================================================
Worker process is ready to serve import requests
Launched and connected shader compiler UnityShaderCompiler.exe after 0.03 seconds
Refreshing native plugins compatible for Editor in 0.63 ms, found 4 plugins.
Preloading 0 native plugins for Editor in 0.00 ms.
Unloading 4144 Unused Serialized files (Serialized files now loaded: 0)
Unloading 47 unused Assets / (1.4 MB). Loaded Objects now: 4605.
Memory consumption went from 166.1 MB to 164.7 MB.
Total: 3.035300 ms (FindLiveObjects: 0.323000 ms CreateObjectMapping: 0.289300 ms MarkObjects: 2.152800 ms  DeleteObjects: 0.269400 ms)

AssetImportParameters requested are different than current active one (requested -> active):
  custom:video-decoder-ogg-theora: a1e56fd34408186e4bbccfd4996cb3dc -> 
  custom:container-muxer-webm: aa71ff27fc2769a1b78a27578f13a17b -> 
  custom:container-demuxer-webm: 4f35f7cbe854078d1ac9338744f61a02 -> 
  custom:video-encoder-webm-vp8: eb34c28f22e8b96e1ab97ce403110664 -> 
  custom:audio-encoder-webm-vorbis: bf7c407c2cedff20999df2af8eb42d56 -> 
  custom:framework-win-MediaFoundation: 216162199b28c13a410421893ffa2e32 -> 
  custom:container-demuxer-ogg: 62fdf1f143b41e24485cea50d1cbac27 -> 
  custom:video-decoder-webm-vp8: 9c59270c3fd7afecdb556c50c9e8de78 -> 
  custom:audio-decoder-ogg-vorbis: bf7c407c2cedff20999df2af8eb42d56 -> 
========================================================================
Received Import Request.
  Time since last request: 2238751.978244 seconds.
  path: Assets/Instruction (1).prefab
  artifactKey: Guid(9656a5ddef231b140ad314fc4ed86425) Importer(815301076,1909f56bfc062723c751e8b465ee728b)
Start importing Assets/Instruction (1).prefab using Guid(9656a5ddef231b140ad314fc4ed86425) Importer(815301076,1909f56bfc062723c751e8b465ee728b)  -> (artifact id: '3f5ef1a4d75497c33ddc793d0a006031') in 0.112202 seconds 
========================================================================
Received Import Request.
  Time since last request: 0.000033 seconds.
  path: Assets/Instruction (7).prefab
  artifactKey: Guid(c107e8319b70ee14c87a63e308f2fa52) Importer(815301076,1909f56bfc062723c751e8b465ee728b)
Start importing Assets/Instruction (7).prefab using Guid(c107e8319b70ee14c87a63e308f2fa52) Importer(815301076,1909f56bfc062723c751e8b465ee728b)  -> (artifact id: 'e90dd16f29b976435837f0991af972fa') in 0.028783 seconds 
========================================================================
Received Import Request.
  Time since last request: 0.000031 seconds.
  path: Assets/Instruction (31).prefab
  artifactKey: Guid(6e07adacb751dd94e9631c7f805567fe) Importer(815301076,1909f56bfc062723c751e8b465ee728b)
Start importing Assets/Instruction (31).prefab using Guid(6e07adacb751dd94e9631c7f805567fe) Importer(815301076,1909f56bfc062723c751e8b465ee728b)  -> (artifact id: '164202fc8862ec688978cb4998a2e692') in 0.028602 seconds 
========================================================================
Received Import Request.
  Time since last request: 0.000025 seconds.
  path: Assets/Instruction (17).prefab
  artifactKey: Guid(a8231146edeed034aa11af068c127bc5) Importer(815301076,1909f56bfc062723c751e8b465ee728b)
Start importing Assets/Instruction (17).prefab using Guid(a8231146edeed034aa11af068c127bc5) Importer(815301076,1909f56bfc062723c751e8b465ee728b)  -> (artifact id: 'e62ccc1c855a61f7a8f6730b41c29f3c') in 0.026976 seconds 
========================================================================
Received Import Request.
  Time since last request: 0.000027 seconds.
  path: Assets/Instruction (9).prefab
  artifactKey: Guid(03ad96b3d9c6e7d4c87cc758dafb268b) Importer(815301076,1909f56bfc062723c751e8b465ee728b)
Start importing Assets/Instruction (9).prefab using Guid(03ad96b3d9c6e7d4c87cc758dafb268b) Importer(815301076,1909f56bfc062723c751e8b465ee728b)  -> (artifact id: 'cebc733465d99bc47d1e27736aa0dfe7') in 0.027670 seconds 
========================================================================
Received Import Request.
  Time since last request: 0.000017 seconds.
  path: Assets/Instruction (51).prefab
  artifactKey: Guid(98aaae34a384fb64790e6aa26a3855a7) Importer(815301076,1909f56bfc062723c751e8b465ee728b)
Start importing Assets/Instruction (51).prefab using Guid(98aaae34a384fb64790e6aa26a3855a7) Importer(815301076,1909f56bfc062723c751e8b465ee728b)  -> (artifact id: 'e24ca56fd967aaf37d7e11d9e9203415') in 0.025089 seconds 
========================================================================
Received Import Request.
  Time since last request: 0.000023 seconds.
  path: Assets/Instruction (39).prefab
  artifactKey: Guid(c317eb374e29f7b42865f7b27ce19235) Importer(815301076,1909f56bfc062723c751e8b465ee728b)
Start importing Assets/Instruction (39).prefab using Guid(c317eb374e29f7b42865f7b27ce19235) Importer(815301076,1909f56bfc062723c751e8b465ee728b)  -> (artifact id: '409d3f5d13719ad063a6fca9564aab1e') in 0.027396 seconds 
========================================================================
Received Import Request.
  Time since last request: 0.000028 seconds.
  path: Assets/Instruction (12).prefab
  artifactKey: Guid(4b3b9d8adf0002b4784e0b0b47e1410b) Importer(815301076,1909f56bfc062723c751e8b465ee728b)
Start importing Assets/Instruction (12).prefab using Guid(4b3b9d8adf0002b4784e0b0b47e1410b) Importer(815301076,1909f56bfc062723c751e8b465ee728b)  -> (artifact id: '52449f1471fb9ea2e8295627e111cba8') in 0.025607 seconds 
========================================================================
Received Import Request.
  Time since last request: 0.000018 seconds.
  path: Assets/Instruction (11).prefab
  artifactKey: Guid(aed061e267a8ff041a3c5a56dc4f33db) Importer(815301076,1909f56bfc062723c751e8b465ee728b)
Start importing Assets/Instruction (11).prefab using Guid(aed061e267a8ff041a3c5a56dc4f33db) Importer(815301076,1909f56bfc062723c751e8b465ee728b)  -> (artifact id: '5235198054be9f30866266455e7f928e') in 0.024675 seconds 
========================================================================
Received Import Request.
  Time since last request: 0.000034 seconds.
  path: Assets/Instruction (8).prefab
  artifactKey: Guid(e9f4d90586cef7a41ac835c0daff790b) Importer(815301076,1909f56bfc062723c751e8b465ee728b)
Start importing Assets/Instruction (8).prefab using Guid(e9f4d90586cef7a41ac835c0daff790b) Importer(815301076,1909f56bfc062723c751e8b465ee728b)  -> (artifact id: '0c5c07bbe7c6dc5bc97cc957a2b8ce81') in 0.026488 seconds 
========================================================================
Received Import Request.
  Time since last request: 0.000035 seconds.
  path: Assets/Instruction (16).prefab
  artifactKey: Guid(f5403e9078388b345893230898e7d32e) Importer(815301076,1909f56bfc062723c751e8b465ee728b)
Start importing Assets/Instruction (16).prefab using Guid(f5403e9078388b345893230898e7d32e) Importer(815301076,1909f56bfc062723c751e8b465ee728b)  -> (artifact id: '238ba278cb2a02396a5a9d7092e34665') in 0.027953 seconds 
========================================================================
Received Import Request.
  Time since last request: 0.000021 seconds.
  path: Assets/Instruction (15).prefab
  artifactKey: Guid(2a3d6c0fdbce0c14a87310b501746868) Importer(815301076,1909f56bfc062723c751e8b465ee728b)
Start importing Assets/Instruction (15).prefab using Guid(2a3d6c0fdbce0c14a87310b501746868) Importer(815301076,1909f56bfc062723c751e8b465ee728b)  -> (artifact id: 'e64d7e6c988f5d74a2c0ae48838f3441') in 0.027830 seconds 
========================================================================
Received Import Request.
  Time since last request: 0.000017 seconds.
  path: Assets/Instruction (32).prefab
  artifactKey: Guid(90958b30ae0f2c342987b5b983bf0614) Importer(815301076,1909f56bfc062723c751e8b465ee728b)
Start importing Assets/Instruction (32).prefab using Guid(90958b30ae0f2c342987b5b983bf0614) Importer(815301076,1909f56bfc062723c751e8b465ee728b)  -> (artifact id: 'a13444b6232f9c1eb071f7b7a5e881ee') in 0.027464 seconds 
========================================================================
Received Import Request.
  Time since last request: 0.000025 seconds.
  path: Assets/Instruction (38).prefab
  artifactKey: Guid(3724459d17eb3a346b7f0e452649e3f3) Importer(815301076,1909f56bfc062723c751e8b465ee728b)
Start importing Assets/Instruction (38).prefab using Guid(3724459d17eb3a346b7f0e452649e3f3) Importer(815301076,1909f56bfc062723c751e8b465ee728b)  -> (artifact id: '59c4fdf181e9b0a4a78a58c7744aeb93') in 0.026833 seconds 
========================================================================
Received Import Request.
  Time since last request: 0.000022 seconds.
  path: Assets/Instruction (37).prefab
  artifactKey: Guid(9b1a498222cb245478224b080c5e1fa5) Importer(815301076,1909f56bfc062723c751e8b465ee728b)
Start importing Assets/Instruction (37).prefab using Guid(9b1a498222cb245478224b080c5e1fa5) Importer(815301076,1909f56bfc062723c751e8b465ee728b)  -> (artifact id: '5d37ebeca452db78684792e231c75b47') in 0.023015 seconds 
========================================================================
Received Import Request.
  Time since last request: 0.000018 seconds.
  path: Assets/Instruction (44).prefab
  artifactKey: Guid(135e8d89e11cb6e4e88909420ca4323f) Importer(815301076,1909f56bfc062723c751e8b465ee728b)
Start importing Assets/Instruction (44).prefab using Guid(135e8d89e11cb6e4e88909420ca4323f) Importer(815301076,1909f56bfc062723c751e8b465ee728b)  -> (artifact id: '77ed5e214584bb8694a1b2e1272b4681') in 0.027272 seconds 
========================================================================
Received Import Request.
  Time since last request: 0.000021 seconds.
  path: Assets/Instruction (27).prefab
  artifactKey: Guid(03db8a19379e42d439f8ec0bb7fd415e) Importer(815301076,1909f56bfc062723c751e8b465ee728b)
Start importing Assets/Instruction (27).prefab using Guid(03db8a19379e42d439f8ec0bb7fd415e) Importer(815301076,1909f56bfc062723c751e8b465ee728b)  -> (artifact id: 'bb794aa3cbb0c4d204bfc6ea2a958e1e') in 0.026536 seconds 
========================================================================
Received Import Request.
  Time since last request: 0.000021 seconds.
  path: Assets/Instruction (30).prefab
  artifactKey: Guid(386c8b70172df6b449ddc4149438ba48) Importer(815301076,1909f56bfc062723c751e8b465ee728b)
Start importing Assets/Instruction (30).prefab using Guid(386c8b70172df6b449ddc4149438ba48) Importer(815301076,1909f56bfc062723c751e8b465ee728b)  -> (artifact id: '11c4463a4242f77c67c31160561be90a') in 0.028245 seconds 
========================================================================
Received Import Request.
  Time since last request: 0.000031 seconds.
  path: Assets/Instruction (10).prefab
  artifactKey: Guid(0d2f0310817d55f4fb5e261e016c92a3) Importer(815301076,1909f56bfc062723c751e8b465ee728b)
Start importing Assets/Instruction (10).prefab using Guid(0d2f0310817d55f4fb5e261e016c92a3) Importer(815301076,1909f56bfc062723c751e8b465ee728b)  -> (artifact id: '280632ac3df46218b9a00e75ae9d064f') in 0.025906 seconds 
========================================================================
Received Import Request.
  Time since last request: 0.000029 seconds.
  path: Assets/Instruction.prefab
  artifactKey: Guid(fdd7cf58cf0704b41ae27db57f98e149) Importer(815301076,1909f56bfc062723c751e8b465ee728b)
Start importing Assets/Instruction.prefab using Guid(fdd7cf58cf0704b41ae27db57f98e149) Importer(815301076,1909f56bfc062723c751e8b465ee728b)  -> (artifact id: 'c4f165a7da3cb0904d10fda4ef2f5841') in 0.025763 seconds 
========================================================================
Received Import Request.
  Time since last request: 0.000022 seconds.
  path: Assets/Instruction (43).prefab
  artifactKey: Guid(29cfc843b38d57f40967a9586123b89b) Importer(815301076,1909f56bfc062723c751e8b465ee728b)
Start importing Assets/Instruction (43).prefab using Guid(29cfc843b38d57f40967a9586123b89b) Importer(815301076,1909f56bfc062723c751e8b465ee728b)  -> (artifact id: 'c2a3ffd42f915e58d1e9d746897366e1') in 0.025990 seconds 
========================================================================
Received Import Request.
  Time since last request: 0.000026 seconds.
  path: Assets/Instruction (33).prefab
  artifactKey: Guid(2544c96da3d1b1f48adcbd489aba1b54) Importer(815301076,1909f56bfc062723c751e8b465ee728b)
Start importing Assets/Instruction (33).prefab using Guid(2544c96da3d1b1f48adcbd489aba1b54) Importer(815301076,1909f56bfc062723c751e8b465ee728b)  -> (artifact id: '3cd1eee2bf15280ffe8814809bdda3ac') in 0.027080 seconds 
========================================================================
Received Import Request.
  Time since last request: 0.000029 seconds.
  path: Assets/Instruction (19).prefab
  artifactKey: Guid(bdd00befc4762fa4b93edc3a911b78df) Importer(815301076,1909f56bfc062723c751e8b465ee728b)
Start importing Assets/Instruction (19).prefab using Guid(bdd00befc4762fa4b93edc3a911b78df) Importer(815301076,1909f56bfc062723c751e8b465ee728b)  -> (artifact id: '8667668f28d0acc84ad588c84226f40d') in 0.026087 seconds 
========================================================================
Received Import Request.
  Time since last request: 0.000018 seconds.
  path: Assets/Instruction (29).prefab
  artifactKey: Guid(0910817e000a85c4a871cdff28fe7cf3) Importer(815301076,1909f56bfc062723c751e8b465ee728b)
Start importing Assets/Instruction (29).prefab using Guid(0910817e000a85c4a871cdff28fe7cf3) Importer(815301076,1909f56bfc062723c751e8b465ee728b)  -> (artifact id: '71b5e49ae24430434473d26904d0eb42') in 0.025208 seconds 
========================================================================
Received Import Request.
  Time since last request: 0.000025 seconds.
  path: Assets/Instruction (48).prefab
  artifactKey: Guid(ba569febaad52f2428dea639ad114cc6) Importer(815301076,1909f56bfc062723c751e8b465ee728b)
Start importing Assets/Instruction (48).prefab using Guid(ba569febaad52f2428dea639ad114cc6) Importer(815301076,1909f56bfc062723c751e8b465ee728b)  -> (artifact id: '63e4b7ffaed0e0fc581935282e2b544f') in 0.024507 seconds 
========================================================================
Received Import Request.
  Time since last request: 0.000029 seconds.
  path: Assets/Instruction (35).prefab
  artifactKey: Guid(a2c547b599c7aa94cbf831c7b40aedb1) Importer(815301076,1909f56bfc062723c751e8b465ee728b)
Start importing Assets/Instruction (35).prefab using Guid(a2c547b599c7aa94cbf831c7b40aedb1) Importer(815301076,1909f56bfc062723c751e8b465ee728b)  -> (artifact id: 'b54af172726c20de70829fa2e06893f9') in 0.026689 seconds 
Editor requested this worker to shutdown with reason: Scaling down because of idle timeout
AssetImportWorker is now disconnected from the server
Process exiting
Exiting without the bug reporter. Application will terminate with return code 0