Using pre-set license
Built from '2021.3/staging' branch; Version is '2021.3.8f1 (b30333d56e81) revision 11731763'; Using compiler version '192829333'; Build Type 'Release'
OS: 'Windows 11  (10.0.22621) 64bit Professional' Language: 'nl' Physical Memory: 16258 MB
BatchMode: 1, IsHumanControllingUs: 0, StartBugReporterOnCrash: 0, Is64bit: 1, IsPro: 1

COMMAND LINE ARGUMENTS:
C:\Users\Tilo\OneDrive\Unity\Projecten\2021.3.8f1\Editor\Unity.exe
-adb2
-batchMode
-noUpm
-name
AssetImportWorker5
-projectPath
C:/Users/Tilo/Desktop/unity_samenwerking/Techno
-logFile
Logs/AssetImportWorker5.log
-srvPort
49947
Successfully changed project path to: C:/Users/Tilo/Desktop/unity_samenwerking/Techno
C:/Users/Tilo/Desktop/unity_samenwerking/Techno
[UnityMemory] Configuration Parameters - Can be set up in boot.config
    "memorysetup-bucket-allocator-granularity=16"
    "memorysetup-bucket-allocator-bucket-count=8"
    "memorysetup-bucket-allocator-block-size=33554432"
    "memorysetup-bucket-allocator-block-count=8"
    "memorysetup-main-allocator-block-size=16777216"
    "memorysetup-thread-allocator-block-size=16777216"
    "memorysetup-gfx-main-allocator-block-size=16777216"
    "memorysetup-gfx-thread-allocator-block-size=16777216"
    "memorysetup-cache-allocator-block-size=4194304"
    "memorysetup-typetree-allocator-block-size=2097152"
    "memorysetup-profiler-bucket-allocator-granularity=16"
    "memorysetup-profiler-bucket-allocator-bucket-count=8"
    "memorysetup-profiler-bucket-allocator-block-size=33554432"
    "memorysetup-profiler-bucket-allocator-block-count=8"
    "memorysetup-profiler-allocator-block-size=16777216"
    "memorysetup-profiler-editor-allocator-block-size=1048576"
    "memorysetup-temp-allocator-size-main=16777216"
    "memorysetup-job-temp-allocator-block-size=2097152"
    "memorysetup-job-temp-allocator-block-size-background=1048576"
    "memorysetup-job-temp-allocator-reduction-small-platforms=262144"
    "memorysetup-temp-allocator-size-background-worker=32768"
    "memorysetup-temp-allocator-size-job-worker=262144"
    "memorysetup-temp-allocator-size-preload-manager=33554432"
    "memorysetup-temp-allocator-size-nav-mesh-worker=65536"
    "memorysetup-temp-allocator-size-audio-worker=65536"
    "memorysetup-temp-allocator-size-cloud-worker=32768"
    "memorysetup-temp-allocator-size-gi-baking-worker=262144"
    "memorysetup-temp-allocator-size-gfx=262144"
Refreshing native plugins compatible for Editor in 113.65 ms, found 4 plugins.
Preloading 0 native plugins for Editor in 0.00 ms.
Initialize engine version: 2021.3.8f1 (b30333d56e81)
[Subsystems] Discovering subsystems at path C:/Users/Tilo/OneDrive/Unity/Projecten/2021.3.8f1/Editor/Data/Resources/UnitySubsystems
[Subsystems] Discovering subsystems at path C:/Users/Tilo/Desktop/unity_samenwerking/Techno/Assets
GfxDevice: creating device client; threaded=0; jobified=0
Direct3D:
    Version:  Direct3D 11.0 [level 11.1]
    Renderer: NVIDIA GeForce GTX 1660 SUPER (ID=0x21c4)
    Vendor:   NVIDIA
    VRAM:     5992 MB
    Driver:   31.0.15.1640
Initialize mono
Mono path[0] = 'C:/Users/Tilo/OneDrive/Unity/Projecten/2021.3.8f1/Editor/Data/Managed'
Mono path[1] = 'C:/Users/Tilo/OneDrive/Unity/Projecten/2021.3.8f1/Editor/Data/MonoBleedingEdge/lib/mono/unityjit-win32'
Mono config path = 'C:/Users/Tilo/OneDrive/Unity/Projecten/2021.3.8f1/Editor/Data/MonoBleedingEdge/etc'
Using monoOptions --debugger-agent=transport=dt_socket,embedding=1,server=y,suspend=n,address=127.0.0.1:56604
Begin MonoManager ReloadAssembly
Registering precompiled unity dll's ...
Register platform support module: C:/Users/Tilo/OneDrive/Unity/Projecten/2021.3.8f1/Editor/Data/PlaybackEngines/WindowsStandaloneSupport/UnityEditor.WindowsStandalone.Extensions.dll
Registered in 0.004354 seconds.
Native extension for WindowsStandalone target not found
Refreshing native plugins compatible for Editor in 95.08 ms, found 4 plugins.
Preloading 0 native plugins for Editor in 0.00 ms.
Mono: successfully reloaded assembly
- Completed reload, in  0.674 seconds
Domain Reload Profiling:
	ReloadAssembly (675ms)
		BeginReloadAssembly (85ms)
			ExecutionOrderSort (0ms)
			DisableScriptedObjects (0ms)
			BackupInstance (0ms)
			ReleaseScriptingObjects (0ms)
			CreateAndSetChildDomain (1ms)
		EndReloadAssembly (476ms)
			LoadAssemblies (83ms)
			RebuildTransferFunctionScriptingTraits (0ms)
			SetupTypeCache (109ms)
			ReleaseScriptCaches (0ms)
			RebuildScriptCaches (29ms)
			SetupLoadedEditorAssemblies (285ms)
				LogAssemblyErrors (0ms)
				InitializePlatformSupportModulesInManaged (9ms)
				SetLoadedEditorAssemblies (0ms)
				RefreshPlugins (95ms)
				BeforeProcessingInitializeOnLoad (1ms)
				ProcessInitializeOnLoadAttributes (134ms)
				ProcessInitializeOnLoadMethodAttributes (46ms)
				AfterProcessingInitializeOnLoad (0ms)
				EditorAssembliesLoaded (0ms)
			ExecutionOrderSort2 (0ms)
			AwakeInstancesAfterBackupRestoration (0ms)
Platform modules already initialized, skipping
Registering precompiled user dll's ...
Registered in 0.006612 seconds.
Begin MonoManager ReloadAssembly
Symbol file LoadedFromMemory doesn't match image C:\Users\Tilo\Desktop\unity_samenwerking\Techno\Library\PackageCache\com.unity.visualscripting@1.7.8\Editor\VisualScripting.Core\Dependencies\YamlDotNet\Unity.VisualScripting.YamlDotNet.dll
Symbol file LoadedFromMemory doesn't match image C:\Users\Tilo\Desktop\unity_samenwerking\Techno\Library\PackageCache\com.unity.visualscripting@1.7.8\Editor\VisualScripting.Core\Dependencies\DotNetZip\Unity.VisualScripting.IonicZip.dll
Native extension for WindowsStandalone target not found
Refreshing native plugins compatible for Editor in 80.27 ms, found 4 plugins.
Preloading 0 native plugins for Editor in 0.00 ms.
Mono: successfully reloaded assembly
- Completed reload, in  1.059 seconds
Domain Reload Profiling:
	ReloadAssembly (1059ms)
		BeginReloadAssembly (105ms)
			ExecutionOrderSort (0ms)
			DisableScriptedObjects (5ms)
			BackupInstance (0ms)
			ReleaseScriptingObjects (0ms)
			CreateAndSetChildDomain (15ms)
		EndReloadAssembly (859ms)
			LoadAssemblies (84ms)
			RebuildTransferFunctionScriptingTraits (0ms)
			SetupTypeCache (241ms)
			ReleaseScriptCaches (1ms)
			RebuildScriptCaches (48ms)
			SetupLoadedEditorAssemblies (457ms)
				LogAssemblyErrors (0ms)
				InitializePlatformSupportModulesInManaged (3ms)
				SetLoadedEditorAssemblies (0ms)
				RefreshPlugins (80ms)
				BeforeProcessingInitializeOnLoad (84ms)
				ProcessInitializeOnLoadAttributes (260ms)
				ProcessInitializeOnLoadMethodAttributes (21ms)
				AfterProcessingInitializeOnLoad (7ms)
				EditorAssembliesLoaded (0ms)
			ExecutionOrderSort2 (0ms)
			AwakeInstancesAfterBackupRestoration (5ms)
Platform modules already initialized, skipping
========================================================================
Worker process is ready to serve import requests
Launched and connected shader compiler UnityShaderCompiler.exe after 0.03 seconds
Refreshing native plugins compatible for Editor in 0.67 ms, found 4 plugins.
Preloading 0 native plugins for Editor in 0.00 ms.
Unloading 4144 Unused Serialized files (Serialized files now loaded: 0)
Unloading 47 unused Assets / (1.4 MB). Loaded Objects now: 4605.
Memory consumption went from 166.1 MB to 164.7 MB.
Total: 2.984600 ms (FindLiveObjects: 0.282400 ms CreateObjectMapping: 0.246300 ms MarkObjects: 2.212100 ms  DeleteObjects: 0.243000 ms)

AssetImportParameters requested are different than current active one (requested -> active):
  custom:video-decoder-ogg-theora: a1e56fd34408186e4bbccfd4996cb3dc -> 
  custom:container-muxer-webm: aa71ff27fc2769a1b78a27578f13a17b -> 
  custom:container-demuxer-webm: 4f35f7cbe854078d1ac9338744f61a02 -> 
  custom:video-encoder-webm-vp8: eb34c28f22e8b96e1ab97ce403110664 -> 
  custom:audio-encoder-webm-vorbis: bf7c407c2cedff20999df2af8eb42d56 -> 
  custom:framework-win-MediaFoundation: 216162199b28c13a410421893ffa2e32 -> 
  custom:container-demuxer-ogg: 62fdf1f143b41e24485cea50d1cbac27 -> 
  custom:video-decoder-webm-vp8: 9c59270c3fd7afecdb556c50c9e8de78 -> 
  custom:audio-decoder-ogg-vorbis: bf7c407c2cedff20999df2af8eb42d56 -> 
========================================================================
Received Import Request.
  Time since last request: 2238751.978464 seconds.
  path: Assets/Instruction (2).prefab
  artifactKey: Guid(59289a8f3ce6b9446b0895082fa25fd4) Importer(815301076,1909f56bfc062723c751e8b465ee728b)
Start importing Assets/Instruction (2).prefab using Guid(59289a8f3ce6b9446b0895082fa25fd4) Importer(815301076,1909f56bfc062723c751e8b465ee728b)  -> (artifact id: '24cd7cf8537c4096727088acc9c6d450') in 0.112855 seconds 
========================================================================
Received Import Request.
  Time since last request: 0.000023 seconds.
  path: Assets/Instruction (26).prefab
  artifactKey: Guid(d3e9850339485fe44aac15ea5ffcb3d3) Importer(815301076,1909f56bfc062723c751e8b465ee728b)
Start importing Assets/Instruction (26).prefab using Guid(d3e9850339485fe44aac15ea5ffcb3d3) Importer(815301076,1909f56bfc062723c751e8b465ee728b)  -> (artifact id: '6b24cc016e20fe466f418ae22ddc6a23') in 0.028141 seconds 
========================================================================
Received Import Request.
  Time since last request: 0.000027 seconds.
  path: Assets/Instruction (46).prefab
  artifactKey: Guid(010a506e03d69b545a4505251c614cba) Importer(815301076,1909f56bfc062723c751e8b465ee728b)
Start importing Assets/Instruction (46).prefab using Guid(010a506e03d69b545a4505251c614cba) Importer(815301076,1909f56bfc062723c751e8b465ee728b)  -> (artifact id: '25f2507cc136b9449a45cb873587cf49') in 0.030237 seconds 
========================================================================
Received Import Request.
  Time since last request: 0.000025 seconds.
  path: Assets/Instruction (50).prefab
  artifactKey: Guid(5bee4640f6ac45644ba323cbb4b610b5) Importer(815301076,1909f56bfc062723c751e8b465ee728b)
Start importing Assets/Instruction (50).prefab using Guid(5bee4640f6ac45644ba323cbb4b610b5) Importer(815301076,1909f56bfc062723c751e8b465ee728b)  -> (artifact id: '6b79715e433b893cee1bb6bc73c2f101') in 0.026320 seconds 
========================================================================
Received Import Request.
  Time since last request: 0.000021 seconds.
  path: Assets/Instruction (21).prefab
  artifactKey: Guid(216bec28b98914c4287be05b439c1be4) Importer(815301076,1909f56bfc062723c751e8b465ee728b)
Start importing Assets/Instruction (21).prefab using Guid(216bec28b98914c4287be05b439c1be4) Importer(815301076,1909f56bfc062723c751e8b465ee728b)  -> (artifact id: 'e6ab895cd517e57d207d8146758d17aa') in 0.027797 seconds 
========================================================================
Received Import Request.
  Time since last request: 0.000019 seconds.
  path: Assets/Instruction (3).prefab
  artifactKey: Guid(2b42f74a510301d4bb48b17c985cdc00) Importer(815301076,1909f56bfc062723c751e8b465ee728b)
Start importing Assets/Instruction (3).prefab using Guid(2b42f74a510301d4bb48b17c985cdc00) Importer(815301076,1909f56bfc062723c751e8b465ee728b)  -> (artifact id: '694578c2ea755d5c294378656d78992c') in 0.026567 seconds 
========================================================================
Received Import Request.
  Time since last request: 0.000017 seconds.
  path: Assets/Instruction (47).prefab
  artifactKey: Guid(6f1e76ed6349ea04b9d170b5c4d1c2d5) Importer(815301076,1909f56bfc062723c751e8b465ee728b)
Start importing Assets/Instruction (47).prefab using Guid(6f1e76ed6349ea04b9d170b5c4d1c2d5) Importer(815301076,1909f56bfc062723c751e8b465ee728b)  -> (artifact id: 'f00e14c2f9ef3c95c6c7e1a84a09e6bb') in 0.027146 seconds 
========================================================================
Received Import Request.
  Time since last request: 0.000021 seconds.
  path: Assets/Instruction (20).prefab
  artifactKey: Guid(8b69d835edbe0ce4ea38b0c01ce72106) Importer(815301076,1909f56bfc062723c751e8b465ee728b)
Start importing Assets/Instruction (20).prefab using Guid(8b69d835edbe0ce4ea38b0c01ce72106) Importer(815301076,1909f56bfc062723c751e8b465ee728b)  -> (artifact id: '89a6c9ac729991d18904c026c95cca37') in 0.025079 seconds 
========================================================================
Received Import Request.
  Time since last request: 0.000021 seconds.
  path: Assets/Instruction (34).prefab
  artifactKey: Guid(912f3575e30d5bc4db973e1de3f0e834) Importer(815301076,1909f56bfc062723c751e8b465ee728b)
Start importing Assets/Instruction (34).prefab using Guid(912f3575e30d5bc4db973e1de3f0e834) Importer(815301076,1909f56bfc062723c751e8b465ee728b)  -> (artifact id: '99314cb9d4f75809cac25aedf71921f3') in 0.022998 seconds 
========================================================================
Received Import Request.
  Time since last request: 0.000020 seconds.
  path: Assets/Instruction (6).prefab
  artifactKey: Guid(ecfb6def0bbec0f41b53f3a76228e437) Importer(815301076,1909f56bfc062723c751e8b465ee728b)
Start importing Assets/Instruction (6).prefab using Guid(ecfb6def0bbec0f41b53f3a76228e437) Importer(815301076,1909f56bfc062723c751e8b465ee728b)  -> (artifact id: 'ab2ebf11b3d4d26b742592f593ed83d9') in 0.025860 seconds 
========================================================================
Received Import Request.
  Time since last request: 0.000035 seconds.
  path: Assets/Instruction (41).prefab
  artifactKey: Guid(2c8a25865137a0f469879822e50c7076) Importer(815301076,1909f56bfc062723c751e8b465ee728b)
Start importing Assets/Instruction (41).prefab using Guid(2c8a25865137a0f469879822e50c7076) Importer(815301076,1909f56bfc062723c751e8b465ee728b)  -> (artifact id: 'e9f5757d995b5307100128bfcc786770') in 0.026151 seconds 
========================================================================
Received Import Request.
  Time since last request: 0.000020 seconds.
  path: Assets/Instruction (36).prefab
  artifactKey: Guid(a970d5d8406bf30428acdc12d6fe6951) Importer(815301076,1909f56bfc062723c751e8b465ee728b)
Start importing Assets/Instruction (36).prefab using Guid(a970d5d8406bf30428acdc12d6fe6951) Importer(815301076,1909f56bfc062723c751e8b465ee728b)  -> (artifact id: '560690b06bf8f9416330dbebaee478cc') in 0.029282 seconds 
========================================================================
Received Import Request.
  Time since last request: 0.000019 seconds.
  path: Assets/Instruction (42).prefab
  artifactKey: Guid(3ebe119fe4ae2c44dbf49530d88c98d0) Importer(815301076,1909f56bfc062723c751e8b465ee728b)
Start importing Assets/Instruction (42).prefab using Guid(3ebe119fe4ae2c44dbf49530d88c98d0) Importer(815301076,1909f56bfc062723c751e8b465ee728b)  -> (artifact id: '8e333372ea0c6557c52115cbeed22c09') in 0.026829 seconds 
========================================================================
Received Import Request.
  Time since last request: 0.000027 seconds.
  path: Assets/Instruction (25).prefab
  artifactKey: Guid(6508205b3fbb2c74cab00f8dc865f5e9) Importer(815301076,1909f56bfc062723c751e8b465ee728b)
Start importing Assets/Instruction (25).prefab using Guid(6508205b3fbb2c74cab00f8dc865f5e9) Importer(815301076,1909f56bfc062723c751e8b465ee728b)  -> (artifact id: 'd636dc23fa3146e7b72d1f14ef266053') in 0.028033 seconds 
========================================================================
Received Import Request.
  Time since last request: 0.000027 seconds.
  path: Assets/Instruction (24).prefab
  artifactKey: Guid(1b092a36f58a9ea4080ddb3e8e44efbe) Importer(815301076,1909f56bfc062723c751e8b465ee728b)
Start importing Assets/Instruction (24).prefab using Guid(1b092a36f58a9ea4080ddb3e8e44efbe) Importer(815301076,1909f56bfc062723c751e8b465ee728b)  -> (artifact id: 'accd30ca3e363c560f3b730688eaaeb7') in 0.024948 seconds 
========================================================================
Received Import Request.
  Time since last request: 0.000018 seconds.
  path: Assets/Instruction (49).prefab
  artifactKey: Guid(f04a3168881d80c44a25f5fc3e20e2d0) Importer(815301076,1909f56bfc062723c751e8b465ee728b)
Start importing Assets/Instruction (49).prefab using Guid(f04a3168881d80c44a25f5fc3e20e2d0) Importer(815301076,1909f56bfc062723c751e8b465ee728b)  -> (artifact id: 'd000e5ffd22f5405daf3462a4525708b') in 0.026686 seconds 
========================================================================
Received Import Request.
  Time since last request: 0.000022 seconds.
  path: Assets/Instruction (28).prefab
  artifactKey: Guid(2328e83ebfc35504c8ebad83d49d8fb1) Importer(815301076,1909f56bfc062723c751e8b465ee728b)
Start importing Assets/Instruction (28).prefab using Guid(2328e83ebfc35504c8ebad83d49d8fb1) Importer(815301076,1909f56bfc062723c751e8b465ee728b)  -> (artifact id: '4cc991468fe0bba9bf8a2d603ec375dd') in 0.025488 seconds 
========================================================================
Received Import Request.
  Time since last request: 0.000017 seconds.
  path: Assets/Instruction (45).prefab
  artifactKey: Guid(ec89334ddae05124d85091202ed9928e) Importer(815301076,1909f56bfc062723c751e8b465ee728b)
Start importing Assets/Instruction (45).prefab using Guid(ec89334ddae05124d85091202ed9928e) Importer(815301076,1909f56bfc062723c751e8b465ee728b)  -> (artifact id: '56ba1045cc412f978977a0ccf31cad44') in 0.025529 seconds 
========================================================================
Received Import Request.
  Time since last request: 0.000028 seconds.
  path: Assets/Instruction (4).prefab
  artifactKey: Guid(1de746d12eac0ce4c9bfbbe4e20d45f3) Importer(815301076,1909f56bfc062723c751e8b465ee728b)
Start importing Assets/Instruction (4).prefab using Guid(1de746d12eac0ce4c9bfbbe4e20d45f3) Importer(815301076,1909f56bfc062723c751e8b465ee728b)  -> (artifact id: 'fdfeab894916a3ddc3c1fd3315c811ea') in 0.027852 seconds 
========================================================================
Received Import Request.
  Time since last request: 0.000019 seconds.
  path: Assets/Instruction (22).prefab
  artifactKey: Guid(5b6496dd95b0cf64a97fd0183b1d3c54) Importer(815301076,1909f56bfc062723c751e8b465ee728b)
Start importing Assets/Instruction (22).prefab using Guid(5b6496dd95b0cf64a97fd0183b1d3c54) Importer(815301076,1909f56bfc062723c751e8b465ee728b)  -> (artifact id: 'c4a8a06949c464a190b82fa8845c364e') in 0.027529 seconds 
========================================================================
Received Import Request.
  Time since last request: 0.000016 seconds.
  path: Assets/Instruction (13).prefab
  artifactKey: Guid(dcaca5ccdf84e5847ae0e548f0dcf33b) Importer(815301076,1909f56bfc062723c751e8b465ee728b)
Start importing Assets/Instruction (13).prefab using Guid(dcaca5ccdf84e5847ae0e548f0dcf33b) Importer(815301076,1909f56bfc062723c751e8b465ee728b)  -> (artifact id: '6eee9d66027b743e17ac05a9e024e4db') in 0.024773 seconds 
========================================================================
Received Import Request.
  Time since last request: 0.000023 seconds.
  path: Assets/Instruction (5).prefab
  artifactKey: Guid(70a81f0e7262cbd40b5912a183dddffd) Importer(815301076,1909f56bfc062723c751e8b465ee728b)
Start importing Assets/Instruction (5).prefab using Guid(70a81f0e7262cbd40b5912a183dddffd) Importer(815301076,1909f56bfc062723c751e8b465ee728b)  -> (artifact id: '91e4cace0f2c197ed0c27e2558bb866c') in 0.025195 seconds 
========================================================================
Received Import Request.
  Time since last request: 0.000024 seconds.
  path: Assets/Instruction (40).prefab
  artifactKey: Guid(67e57eae76940e34d873568ac2f5df7a) Importer(815301076,1909f56bfc062723c751e8b465ee728b)
Start importing Assets/Instruction (40).prefab using Guid(67e57eae76940e34d873568ac2f5df7a) Importer(815301076,1909f56bfc062723c751e8b465ee728b)  -> (artifact id: 'c22a3e6a97aaa5673dc1564f916f9537') in 0.027938 seconds 
========================================================================
Received Import Request.
  Time since last request: 0.000022 seconds.
  path: Assets/Instruction (23).prefab
  artifactKey: Guid(5abe86ddecbe514419d74675159c9eec) Importer(815301076,1909f56bfc062723c751e8b465ee728b)
Start importing Assets/Instruction (23).prefab using Guid(5abe86ddecbe514419d74675159c9eec) Importer(815301076,1909f56bfc062723c751e8b465ee728b)  -> (artifact id: '1bbbf00de965ce19aeeb2b4b31a9c362') in 0.027382 seconds 
========================================================================
Received Import Request.
  Time since last request: 0.000017 seconds.
  path: Assets/Instruction (18).prefab
  artifactKey: Guid(0127e5309a86e234c8b4ea7fbd5215bf) Importer(815301076,1909f56bfc062723c751e8b465ee728b)
Start importing Assets/Instruction (18).prefab using Guid(0127e5309a86e234c8b4ea7fbd5215bf) Importer(815301076,1909f56bfc062723c751e8b465ee728b)  -> (artifact id: 'e45aeebd385bedc451219f74ce94a97d') in 0.028513 seconds 
========================================================================
Received Import Request.
  Time since last request: 0.000019 seconds.
  path: Assets/Instruction (14).prefab
  artifactKey: Guid(0b0a459c6d47ee44bacdd91de85c948e) Importer(815301076,1909f56bfc062723c751e8b465ee728b)
Start importing Assets/Instruction (14).prefab using Guid(0b0a459c6d47ee44bacdd91de85c948e) Importer(815301076,1909f56bfc062723c751e8b465ee728b)  -> (artifact id: 'e523d51023d904f0285392745afb7975') in 0.025104 seconds 
Editor requested this worker to shutdown with reason: Scaling down because of idle timeout
AssetImportWorker is now disconnected from the server
Process exiting
Exiting without the bug reporter. Application will terminate with return code 0